# JRE version: OpenJDK Runtime Environment (17.0.6) (build 17.0.6+0-b2043.56-10027231)
# Java VM: OpenJDK 64-Bit Server VM (17.0.6+0-b2043.56-10027231, mixed mode, tiered, compressed oops, compressed class ptrs, g1 gc, windows-amd64)
GC Precious Log:
 CPUs: 8 total, 8 available
 Memory: 12121M
 Large Page Support: Disabled
 NUMA Support: Disabled
 Compressed Oops: Enabled (32-bit)
 Heap Region Size: 1M
 Heap Min Capacity: 8M
 Heap Initial Capacity: 190M
 Heap Max Capacity: 2G
 Pre-touch: Disabled
 Parallel Workers: 8
 Concurrent Workers: 2
 Concurrent Refinement Workers: 8
 Periodic GC: Disabled
Heap:
 garbage-first heap   total 484352K, used 357432K [0x0000000080000000, 0x0000000100000000)
  region size 1024K, 129 young (132096K), 7 survivors (7168K)
 Metaspace       used 154150K, committed 155456K, reserved 1187840K
  class space    used 20797K, committed 21440K, reserved 1048576K
GC Heap History (20 events):
Event: 1044.156 GC heap before
{Heap before GC invocations=63 (full 0):
 garbage-first heap   total 324608K, used 274607K [0x0000000080000000, 0x0000000100000000)
  region size 1024K, 44 young (45056K), 4 survivors (4096K)
 Metaspace       used 149470K, committed 150592K, reserved 1179648K
  class space    used 20197K, committed 20736K, reserved 1048576K
}
Event: 1044.162 GC heap after
{Heap after GC invocations=64 (full 0):
 garbage-first heap   total 324608K, used 235434K [0x0000000080000000, 0x0000000100000000)
  region size 1024K, 5 young (5120K), 5 survivors (5120K)
 Metaspace       used 149470K, committed 150592K, reserved 1179648K
  class space    used 20197K, committed 20736K, reserved 1048576K
}
Event: 1044.832 GC heap before
{Heap before GC invocations=64 (full 0):
 garbage-first heap   total 324608K, used 288682K [0x0000000080000000, 0x0000000100000000)
  region size 1024K, 44 young (45056K), 5 survivors (5120K)
 Metaspace       used 151747K, committed 152896K, reserved 1187840K
  class space    used 20588K, committed 21120K, reserved 1048576K
}
Event: 1044.834 GC heap after
{Heap after GC invocations=65 (full 0):
 garbage-first heap   total 324608K, used 243072K [0x0000000080000000, 0x0000000100000000)
  region size 1024K, 2 young (2048K), 2 survivors (2048K)
 Metaspace       used 151747K, committed 152896K, reserved 1187840K
  class space    used 20588K, committed 21120K, reserved 1048576K
}
Event: 1044.842 GC heap before
{Heap before GC invocations=65 (full 0):
 garbage-first heap   total 324608K, used 253312K [0x0000000080000000, 0x0000000100000000)
  region size 1024K, 3 young (3072K), 2 survivors (2048K)
 Metaspace       used 151747K, committed 152896K, reserved 1187840K
  class space    used 20588K, committed 21120K, reserved 1048576K
}
Event: 1044.845 GC heap after
{Heap after GC invocations=66 (full 0):
 garbage-first heap   total 324608K, used 249141K [0x0000000080000000, 0x0000000100000000)
  region size 1024K, 2 young (2048K), 2 survivors (2048K)
 Metaspace       used 151747K, committed 152896K, reserved 1187840K
  class space    used 20588K, committed 21120K, reserved 1048576K
}
Event: 1044.852 GC heap before
{Heap before GC invocations=66 (full 0):
 garbage-first heap   total 324608K, used 251189K [0x0000000080000000, 0x0000000100000000)
  region size 1024K, 3 young (3072K), 2 survivors (2048K)
 Metaspace       used 151747K, committed 152896K, reserved 1187840K
  class space    used 20588K, committed 21120K, reserved 1048576K
}
Event: 1044.854 GC heap after
{Heap after GC invocations=67 (full 0):
 garbage-first heap   total 324608K, used 251098K [0x0000000080000000, 0x0000000100000000)
  region size 1024K, 2 young (2048K), 2 survivors (2048K)
 Metaspace       used 151747K, committed 152896K, reserved 1187840K
  class space    used 20588K, committed 21120K, reserved 1048576K
}
Event: 1106.226 GC heap before
{Heap before GC invocations=68 (full 0):
 garbage-first heap   total 416768K, used 278746K [0x0000000080000000, 0x0000000100000000)
  region size 1024K, 34 young (34816K), 2 survivors (2048K)
 Metaspace       used 152197K, committed 153280K, reserved 1187840K
  class space    used 20661K, committed 21184K, reserved 1048576K
}
Event: 1106.237 GC heap after
{Heap after GC invocations=69 (full 0):
 garbage-first heap   total 416768K, used 225280K [0x0000000080000000, 0x0000000100000000)
  region size 1024K, 3 young (3072K), 3 survivors (3072K)
 Metaspace       used 152197K, committed 153280K, reserved 1187840K
  class space    used 20661K, committed 21184K, reserved 1048576K
}
Event: 1107.261 GC heap before
{Heap before GC invocations=69 (full 0):
 garbage-first heap   total 416768K, used 242688K [0x0000000080000000, 0x0000000100000000)
  region size 1024K, 20 young (20480K), 3 survivors (3072K)
 Metaspace       used 152353K, committed 153408K, reserved 1187840K
  class space    used 20670K, committed 21184K, reserved 1048576K
}
Event: 1107.289 GC heap after
{Heap after GC invocations=70 (full 0):
 garbage-first heap   total 416768K, used 195164K [0x0000000080000000, 0x0000000100000000)
  region size 1024K, 3 young (3072K), 3 survivors (3072K)
 Metaspace       used 152353K, committed 153408K, reserved 1187840K
  class space    used 20670K, committed 21184K, reserved 1048576K
}
Event: 1161.389 GC heap before
{Heap before GC invocations=70 (full 0):
 garbage-first heap   total 416768K, used 334428K [0x0000000080000000, 0x0000000100000000)
  region size 1024K, 141 young (144384K), 3 survivors (3072K)
 Metaspace       used 152918K, committed 154048K, reserved 1187840K
  class space    used 20697K, committed 21248K, reserved 1048576K
}
Event: 1161.408 GC heap after
{Heap after GC invocations=71 (full 0):
 garbage-first heap   total 416768K, used 207425K [0x0000000080000000, 0x0000000100000000)
  region size 1024K, 15 young (15360K), 15 survivors (15360K)
 Metaspace       used 152918K, committed 154048K, reserved 1187840K
  class space    used 20697K, committed 21248K, reserved 1048576K
}
Event: 1267.635 GC heap before
{Heap before GC invocations=72 (full 0):
 garbage-first heap   total 416768K, used 362049K [0x0000000080000000, 0x0000000100000000)
  region size 1024K, 139 young (142336K), 15 survivors (15360K)
 Metaspace       used 153388K, committed 154624K, reserved 1187840K
  class space    used 20742K, committed 21312K, reserved 1048576K
}
Event: 1267.659 GC heap after
{Heap after GC invocations=73 (full 0):
 garbage-first heap   total 416768K, used 211636K [0x0000000080000000, 0x0000000100000000)
  region size 1024K, 12 young (12288K), 12 survivors (12288K)
 Metaspace       used 153388K, committed 154624K, reserved 1187840K
  class space    used 20742K, committed 21312K, reserved 1048576K
}
Event: 1267.877 GC heap before
{Heap before GC invocations=73 (full 0):
 garbage-first heap   total 416768K, used 219828K [0x0000000080000000, 0x0000000100000000)
  region size 1024K, 20 young (20480K), 12 survivors (12288K)
 Metaspace       used 153391K, committed 154624K, reserved 1187840K
  class space    used 20742K, committed 21312K, reserved 1048576K
}
Event: 1267.901 GC heap after
{Heap after GC invocations=74 (full 0):
 garbage-first heap   total 416768K, used 202092K [0x0000000080000000, 0x0000000100000000)
  region size 1024K, 2 young (2048K), 2 survivors (2048K)
 Metaspace       used 153391K, committed 154624K, reserved 1187840K
  class space    used 20742K, committed 21312K, reserved 1048576K
}
Event: 1269.454 GC heap before
{Heap before GC invocations=74 (full 0):
 garbage-first heap   total 416768K, used 247148K [0x0000000080000000, 0x0000000100000000)
  region size 1024K, 48 young (49152K), 2 survivors (2048K)
 Metaspace       used 153615K, committed 154816K, reserved 1187840K
  class space    used 20746K, committed 21312K, reserved 1048576K
}
Event: 1269.468 GC heap after
{Heap after GC invocations=75 (full 0):
 garbage-first heap   total 484352K, used 206904K [0x0000000080000000, 0x0000000100000000)
  region size 1024K, 7 young (7168K), 7 survivors (7168K)
 Metaspace       used 153615K, committed 154816K, reserved 1187840K
  class space    used 20746K, committed 21312K, reserved 1048576K
}

